<?xml version="1.0" encoding="UTF-8"?>
<testng-results ignored="0" total="3" passed="1" failed="2" skipped="0">
  <reporter-output>
  </reporter-output>
  <suite started-at="2022-02-02T22:36:30 EST" name="Demoblaze" finished-at="2022-02-02T22:37:35 EST" duration-ms="65316">
    <groups>
    </groups>
    <test started-at="2022-02-02T22:36:30 EST" name="TestN" finished-at="2022-02-02T22:37:35 EST" duration-ms="65316">
      <class name="testLayer.Product_Demoblaze">
        <test-method signature="Add_ToCart()[pri:0, instance:testLayer.Product_Demoblaze@1165b38]" started-at="2022-02-02T22:36:30 EST" name="Add_ToCart" finished-at="2022-02-02T22:36:30 EST" duration-ms="17" status="FAIL">
          <exception class="java.lang.NullPointerException">
            <message>
              <![CDATA[Cannot invoke "org.openqa.selenium.WebDriver.switchTo()" because "pom_Demoblaze_Product.POM_Demoblaze_Product.driver" is null]]>
            </message>
            <full-stacktrace>
              <![CDATA[java.lang.NullPointerException: Cannot invoke "org.openqa.selenium.WebDriver.switchTo()" because "pom_Demoblaze_Product.POM_Demoblaze_Product.driver" is null
at pom_Demoblaze_Product.POM_Demoblaze_Product.AddToCart(POM_Demoblaze_Product.java:32)
at testLayer.Product_Demoblaze.Add_ToCart(Product_Demoblaze.java:22)
at java.base/jdk.internal.reflect.NativeMethodAccessorImpl.invoke0(Native Method)
at java.base/jdk.internal.reflect.NativeMethodAccessorImpl.invoke(NativeMethodAccessorImpl.java:77)
at java.base/jdk.internal.reflect.DelegatingMethodAccessorImpl.invoke(DelegatingMethodAccessorImpl.java:43)
at java.base/java.lang.reflect.Method.invoke(Method.java:568)
at org.testng.internal.MethodInvocationHelper.invokeMethod(MethodInvocationHelper.java:133)
at org.testng.internal.TestInvoker.invokeMethod(TestInvoker.java:598)
at org.testng.internal.TestInvoker.invokeTestMethod(TestInvoker.java:173)
at org.testng.internal.MethodRunner.runInSequence(MethodRunner.java:46)
at org.testng.internal.TestInvoker$MethodInvocationAgent.invoke(TestInvoker.java:824)
at org.testng.internal.TestInvoker.invokeTestMethods(TestInvoker.java:146)
at org.testng.internal.TestMethodWorker.invokeTestMethods(TestMethodWorker.java:146)
at org.testng.internal.TestMethodWorker.run(TestMethodWorker.java:128)
at java.base/java.util.ArrayList.forEach(ArrayList.java:1511)
at org.testng.TestRunner.privateRun(TestRunner.java:794)
at org.testng.TestRunner.run(TestRunner.java:596)
at org.testng.SuiteRunner.runTest(SuiteRunner.java:377)
at org.testng.SuiteRunner.access$000(SuiteRunner.java:28)
at org.testng.SuiteRunner$SuiteWorker.run(SuiteRunner.java:418)
at org.testng.internal.thread.ThreadUtil.lambda$execute$0(ThreadUtil.java:64)
at java.base/java.util.concurrent.FutureTask.run(FutureTask.java:264)
at java.base/java.util.concurrent.ThreadPoolExecutor.runWorker(ThreadPoolExecutor.java:1136)
at java.base/java.util.concurrent.ThreadPoolExecutor$Worker.run(ThreadPoolExecutor.java:635)
at java.base/java.lang.Thread.run(Thread.java:833)
]]>
            </full-stacktrace>
          </exception> <!-- java.lang.NullPointerException -->
          <reporter-output>
          </reporter-output>
        </test-method> <!-- Add_ToCart -->
      </class> <!-- testLayer.Product_Demoblaze -->
      <class name="testLayer.Cart_Demoblaze">
        <test-method signature="Check_Product_Added()[pri:0, instance:testLayer.Cart_Demoblaze@3b69e7d1]" started-at="2022-02-02T22:36:30 EST" name="Check_Product_Added" finished-at="2022-02-02T22:36:30 EST" duration-ms="2" status="FAIL">
          <exception class="java.lang.NullPointerException">
            <message>
              <![CDATA[Cannot invoke "org.openqa.selenium.WebDriver.switchTo()" because "pom_Demoblaze_Cart.POM_Demoblaze_Cart.driver" is null]]>
            </message>
            <full-stacktrace>
              <![CDATA[java.lang.NullPointerException: Cannot invoke "org.openqa.selenium.WebDriver.switchTo()" because "pom_Demoblaze_Cart.POM_Demoblaze_Cart.driver" is null
at pom_Demoblaze_Cart.POM_Demoblaze_Cart.title(POM_Demoblaze_Cart.java:26)
at testLayer.Cart_Demoblaze.Check_Product_Added(Cart_Demoblaze.java:20)
at java.base/jdk.internal.reflect.NativeMethodAccessorImpl.invoke0(Native Method)
at java.base/jdk.internal.reflect.NativeMethodAccessorImpl.invoke(NativeMethodAccessorImpl.java:77)
at java.base/jdk.internal.reflect.DelegatingMethodAccessorImpl.invoke(DelegatingMethodAccessorImpl.java:43)
at java.base/java.lang.reflect.Method.invoke(Method.java:568)
at org.testng.internal.MethodInvocationHelper.invokeMethod(MethodInvocationHelper.java:133)
at org.testng.internal.TestInvoker.invokeMethod(TestInvoker.java:598)
at org.testng.internal.TestInvoker.invokeTestMethod(TestInvoker.java:173)
at org.testng.internal.MethodRunner.runInSequence(MethodRunner.java:46)
at org.testng.internal.TestInvoker$MethodInvocationAgent.invoke(TestInvoker.java:824)
at org.testng.internal.TestInvoker.invokeTestMethods(TestInvoker.java:146)
at org.testng.internal.TestMethodWorker.invokeTestMethods(TestMethodWorker.java:146)
at org.testng.internal.TestMethodWorker.run(TestMethodWorker.java:128)
at java.base/java.util.ArrayList.forEach(ArrayList.java:1511)
at org.testng.TestRunner.privateRun(TestRunner.java:794)
at org.testng.TestRunner.run(TestRunner.java:596)
at org.testng.SuiteRunner.runTest(SuiteRunner.java:377)
at org.testng.SuiteRunner.access$000(SuiteRunner.java:28)
at org.testng.SuiteRunner$SuiteWorker.run(SuiteRunner.java:418)
at org.testng.internal.thread.ThreadUtil.lambda$execute$0(ThreadUtil.java:64)
at java.base/java.util.concurrent.FutureTask.run(FutureTask.java:264)
at java.base/java.util.concurrent.ThreadPoolExecutor.runWorker(ThreadPoolExecutor.java:1136)
at java.base/java.util.concurrent.ThreadPoolExecutor$Worker.run(ThreadPoolExecutor.java:635)
at java.base/java.lang.Thread.run(Thread.java:833)
]]>
            </full-stacktrace>
          </exception> <!-- java.lang.NullPointerException -->
          <reporter-output>
          </reporter-output>
        </test-method> <!-- Check_Product_Added -->
      </class> <!-- testLayer.Cart_Demoblaze -->
      <class name="testLayer.Demoblaze_Home">
        <test-method is-config="true" signature="initsetup()[pri:0, instance:testLayer.Demoblaze_Home@6e171cd7]" started-at="2022-02-02T22:36:30 EST" name="initsetup" finished-at="2022-02-02T22:37:13 EST" duration-ms="42922" status="PASS">
          <reporter-output>
          </reporter-output>
        </test-method> <!-- initsetup -->
        <test-method signature="Laptops()[pri:3, instance:testLayer.Demoblaze_Home@6e171cd7]" started-at="2022-02-02T22:37:13 EST" name="Laptops" finished-at="2022-02-02T22:37:35 EST" duration-ms="22195" status="PASS">
          <reporter-output>
          </reporter-output>
        </test-method> <!-- Laptops -->
      </class> <!-- testLayer.Demoblaze_Home -->
    </test> <!-- TestN -->
  </suite> <!-- Demoblaze -->
</testng-results>
